<?xml version="1.0" encoding="UTF-8"?>
<testng-results skipped="0" failed="0" ignored="0" total="1" passed="1">
  <reporter-output>
  </reporter-output>
  <suite name="Default suite" duration-ms="25878" started-at="2018-09-17T08:33:23Z" finished-at="2018-09-17T08:33:49Z">
    <groups>
    </groups>
    <test name="Default test" duration-ms="25878" started-at="2018-09-17T08:33:23Z" finished-at="2018-09-17T08:33:49Z">
      <class name="com.test.qa.ToolsQa.ToolsQaTest">
        <test-method status="PASS" signature="beforeMethod()[pri:0, instance:com.test.qa.ToolsQa.ToolsQaTest@1a968a59]" name="beforeMethod" is-config="true" duration-ms="4780" started-at="2018-09-17T11:33:23Z" finished-at="2018-09-17T11:33:28Z">
          <reporter-output>
          </reporter-output>
        </test-method> <!-- beforeMethod -->
        <test-method status="PASS" signature="test()[pri:0, instance:com.test.qa.ToolsQa.ToolsQaTest@1a968a59]" name="test" duration-ms="19703" started-at="2018-09-17T11:33:28Z" finished-at="2018-09-17T11:33:48Z">
          <reporter-output>
          </reporter-output>
        </test-method> <!-- test -->
        <test-method status="PASS" signature="afterMethod(org.testng.ITestResult)[pri:0, instance:com.test.qa.ToolsQa.ToolsQaTest@1a968a59]" name="afterMethod" is-config="true" duration-ms="1378" started-at="2018-09-17T11:33:48Z" finished-at="2018-09-17T11:33:49Z">
          <params>
            <param index="0">
              <value>
                <![CDATA[[TestResult name=test status=SUCCESS method=ToolsQaTest.test()[pri:0, instance:com.test.qa.ToolsQa.ToolsQaTest@1a968a59] output={null}]]]>
              </value>
            </param>
          </params>
          <reporter-output>
          </reporter-output>
        </test-method> <!-- afterMethod -->
      </class> <!-- com.test.qa.ToolsQa.ToolsQaTest -->
    </test> <!-- Default test -->
  </suite> <!-- Default suite -->
</testng-results>
