<?xml version="1.0" encoding="UTF-8"?>
<testng-results skipped="0" failed="0" ignored="0" total="1" passed="1">
  <reporter-output>
  </reporter-output>
  <suite name="com.test.qa.ToolsQa.ToolsQaTest" duration-ms="30329" started-at="2018-09-18T12:52:53Z" finished-at="2018-09-18T12:53:23Z">
    <groups>
    </groups>
    <test name="Command line test" duration-ms="30329" started-at="2018-09-18T12:52:53Z" finished-at="2018-09-18T12:53:23Z">
      <class name="com.test.qa.ToolsQa.ToolsQaTest">
        <test-method status="PASS" signature="beforeMethod()[pri:0, instance:com.test.qa.ToolsQa.ToolsQaTest@4157f54e]" name="beforeMethod" is-config="true" duration-ms="7538" started-at="2018-09-18T15:52:53Z" finished-at="2018-09-18T15:53:01Z">
          <reporter-output>
          </reporter-output>
        </test-method> <!-- beforeMethod -->
        <test-method status="PASS" signature="test()[pri:0, instance:com.test.qa.ToolsQa.ToolsQaTest@4157f54e]" name="test" duration-ms="21447" started-at="2018-09-18T15:53:01Z" finished-at="2018-09-18T15:53:22Z">
          <reporter-output>
          </reporter-output>
        </test-method> <!-- test -->
        <test-method status="PASS" signature="afterMethod(org.testng.ITestResult)[pri:0, instance:com.test.qa.ToolsQa.ToolsQaTest@4157f54e]" name="afterMethod" is-config="true" duration-ms="1328" started-at="2018-09-18T15:53:22Z" finished-at="2018-09-18T15:53:23Z">
          <params>
            <param index="0">
              <value>
                <![CDATA[[TestResult name=test status=SUCCESS method=ToolsQaTest.test()[pri:0, instance:com.test.qa.ToolsQa.ToolsQaTest@4157f54e] output={null}]]]>
              </value>
            </param>
          </params>
          <reporter-output>
          </reporter-output>
        </test-method> <!-- afterMethod -->
      </class> <!-- com.test.qa.ToolsQa.ToolsQaTest -->
    </test> <!-- Command line test -->
  </suite> <!-- com.test.qa.ToolsQa.ToolsQaTest -->
</testng-results>
